{"level":"error","message":"Contraseña inválida"}
{"level":"error","message":"Contraseña inválida,Contraseña inválida"}
{"level":"error","message":"Contraseña inválida"}
{"level":"error","message":"Contraseña inválida,Contraseña inválida"}
{"level":"error","message":"Contraseña inválida"}
{"level":"error","message":"Bloquear intentos de logueo"}
{"level":"error","message":"Contraseña inválida"}
{"level":"error","message":"undefined"}
{"level":"error","message":"undefined"}
{"level":"error","message":"undefined"}
{"level":"error","message":"undefined"}
{"level":"error","message":"Contraseña inválida,Contraseña inválida,Contraseña inválida,Contraseña inválida,Contraseña inválida,Contraseña inválida"}
{"level":"error","message":"Bloquear intentos de logueo"}
{"level":"error","message":"Contraseña inválida,Contraseña inválida,Contraseña inválida,Contraseña inválida,Contraseña inválida,Contraseña inválida"}
{"level":"error","message":"Bloquear intentos de logueo"}
{"level":"error","message":"Contraseña inválida,Contraseña inválida,Contraseña inválida,Contraseña inválida,Contraseña inválida,Contraseña inválida"}
{"level":"error","message":"Bloquear intentos de logueo"}
{"level":"error","message":"Contraseña inválida,Contraseña inválida,Contraseña inválida,Contraseña inválida,Contraseña inválida,Contraseña inválida"}
{"level":"error","message":"Bloquear intentos de logueo"}
{"level":"error","message":"Contraseña inválida,Contraseña inválida,Contraseña inválida,Contraseña inválida,Contraseña inválida,Contraseña inválida"}
{"level":"error","message":"Bloquear intentos de logueo"}
{"level":"error","message":"Contraseña inválida,Contraseña inválida,Contraseña inválida,Contraseña inválida,Contraseña inválida,Contraseña inválida"}
{"level":"error","message":"Bloquear intentos de logueo"}
{"level":"error","message":"Bloquear intentos de logueo"}
{"level":"error","message":"Bloquear intentos de logueo"}
{"level":"error","message":"Bloquear intentos de logueo"}
{"level":"error","message":"Bloquear intentos de logueo"}
{"level":"error","message":"Bloquear intentos de logueo"}
